<?xml version="1.0" encoding="UTF-8"?>
<testng-results skipped="0" failed="0" ignored="0" total="1" passed="1">
  <reporter-output>
  </reporter-output>
  <suite name="Default suite" duration-ms="1712" started-at="2018-04-04T07:47:45Z" finished-at="2018-04-04T07:47:46Z">
    <groups>
    </groups>
    <test name="Default test" duration-ms="1712" started-at="2018-04-04T07:47:45Z" finished-at="2018-04-04T07:47:46Z">
      <class name="com.testcases.Tc_01">
        <test-method status="PASS" signature="test()[pri:0, instance:com.testcases.Tc_01@7133da86]" name="test" duration-ms="1679" started-at="2018-04-04T07:47:45Z" finished-at="2018-04-04T07:47:46Z">
          <reporter-output>
          </reporter-output>
        </test-method> <!-- test -->
      </class> <!-- com.testcases.Tc_01 -->
    </test> <!-- Default test -->
  </suite> <!-- Default suite -->
</testng-results>
